<?xml version="1.0" encoding="UTF-8"?>
<testng-results skipped="0" failed="0" ignored="0" total="1" passed="1">
  <reporter-output>
  </reporter-output>
  <suite name="Default suite" duration-ms="82" started-at="2019-07-05T06:46:30Z" finished-at="2019-07-05T06:46:30Z">
    <groups>
    </groups>
    <test name="Default test" duration-ms="82" started-at="2019-07-05T06:46:30Z" finished-at="2019-07-05T06:46:30Z">
      <class name="com.testingfoo.tests.FirstTest">
        <test-method status="PASS" signature="test()[pri:0, instance:com.testingfoo.tests.FirstTest@4439f31e]" name="test" duration-ms="17" started-at="2019-07-05T06:46:30Z" finished-at="2019-07-05T06:46:30Z">
          <reporter-output>
          </reporter-output>
        </test-method> <!-- test -->
      </class> <!-- com.testingfoo.tests.FirstTest -->
    </test> <!-- Default test -->
  </suite> <!-- Default suite -->
</testng-results>
